{"D:\\React-native\\location_manager\\Components\\Map.tsx": {"path":"D:\\React-native\\location_manager\\Components\\Map.tsx","statementMap":{"0":{"start":{"line":7,"column":22},"end":{"line":7,"column":41}},"1":{"start":{"line":9,"column":26},"end":{"line":14,"column":1}},"2":{"start":{"line":10,"column":4},"end":{"line":10,"column":35}},"3":{"start":{"line":11,"column":4},"end":{"line":11,"column":35}},"4":{"start":{"line":12,"column":4},"end":{"line":12,"column":24}},"5":{"start":{"line":13,"column":4},"end":{"line":13,"column":24}},"6":{"start":{"line":16,"column":30},"end":{"line":33,"column":1}},"7":{"start":{"line":17,"column":4},"end":{"line":17,"column":33}},"8":{"start":{"line":18,"column":4},"end":{"line":22,"column":7}},"9":{"start":{"line":19,"column":8},"end":{"line":21,"column":9}},"10":{"start":{"line":23,"column":4},"end":{"line":27,"column":7}},"11":{"start":{"line":24,"column":9},"end":{"line":26,"column":10}},"12":{"start":{"line":28,"column":4},"end":{"line":32,"column":7}},"13":{"start":{"line":29,"column":9},"end":{"line":31,"column":10}},"14":{"start":{"line":35,"column":4},"end":{"line":80,"column":6}},"15":{"start":{"line":46,"column":16},"end":{"line":64,"column":17}},"16":{"start":{"line":60,"column":27},"end":{"line":60,"column":64}},"17":{"start":{"line":66,"column":30},"end":{"line":66,"column":68}},"18":{"start":{"line":74,"column":16},"end":{"line":74,"column":34}},"19":{"start":{"line":83,"column":15},"end":{"line":141,"column":4}}},"fnMap":{"0":{"name":"Map","decl":{"start":{"line":6,"column":9},"end":{"line":6,"column":12}},"loc":{"start":{"line":6,"column":15},"end":{"line":81,"column":1}},"line":6},"1":{"name":"(anonymous_1)","decl":{"start":{"line":9,"column":26},"end":{"line":9,"column":27}},"loc":{"start":{"line":9,"column":30},"end":{"line":14,"column":1}},"line":9},"2":{"name":"(anonymous_2)","decl":{"start":{"line":16,"column":30},"end":{"line":16,"column":31}},"loc":{"start":{"line":16,"column":43},"end":{"line":33,"column":1}},"line":16},"3":{"name":"(anonymous_3)","decl":{"start":{"line":18,"column":63},"end":{"line":18,"column":64}},"loc":{"start":{"line":18,"column":88},"end":{"line":22,"column":5}},"line":18},"4":{"name":"(anonymous_4)","decl":{"start":{"line":23,"column":41},"end":{"line":23,"column":42}},"loc":{"start":{"line":23,"column":66},"end":{"line":27,"column":5}},"line":23},"5":{"name":"(anonymous_5)","decl":{"start":{"line":28,"column":41},"end":{"line":28,"column":42}},"loc":{"start":{"line":28,"column":66},"end":{"line":32,"column":5}},"line":28},"6":{"name":"(anonymous_6)","decl":{"start":{"line":45,"column":24},"end":{"line":45,"column":25}},"loc":{"start":{"line":45,"column":36},"end":{"line":65,"column":13}},"line":45},"7":{"name":"(anonymous_7)","decl":{"start":{"line":59,"column":33},"end":{"line":59,"column":34}},"loc":{"start":{"line":59,"column":37},"end":{"line":61,"column":25}},"line":59},"8":{"name":"(anonymous_8)","decl":{"start":{"line":66,"column":26},"end":{"line":66,"column":27}},"loc":{"start":{"line":66,"column":30},"end":{"line":66,"column":68}},"line":66},"9":{"name":"(anonymous_9)","decl":{"start":{"line":73,"column":22},"end":{"line":73,"column":23}},"loc":{"start":{"line":73,"column":26},"end":{"line":75,"column":13}},"line":73}},"branchMap":{},"s":{"0":2,"1":2,"2":1,"3":1,"4":1,"5":1,"6":2,"7":1,"8":1,"9":1,"10":1,"11":1,"12":1,"13":1,"14":2,"15":1,"16":1,"17":1,"18":1,"19":1},"f":{"0":2,"1":1,"2":1,"3":1,"4":1,"5":1,"6":1,"7":1,"8":1,"9":1},"b":{},"_coverageSchema":"1a1c01bbd47fc00a2c39e90264f33305004495a9","hash":"f5a9e18ebcced2cb58c1685aa0726cf78b0f3618"}
,"D:\\React-native\\location_manager\\Components\\Screens\\HomePage.tsx": {"path":"D:\\React-native\\location_manager\\Components\\Screens\\HomePage.tsx","statementMap":{"0":{"start":{"line":10,"column":36},"end":{"line":10,"column":48}},"1":{"start":{"line":11,"column":24},"end":{"line":11,"column":43}},"2":{"start":{"line":13,"column":29},"end":{"line":50,"column":5}},"3":{"start":{"line":16,"column":8},"end":{"line":18,"column":10}},"4":{"start":{"line":17,"column":12},"end":{"line":17,"column":60}},"5":{"start":{"line":19,"column":8},"end":{"line":21,"column":10}},"6":{"start":{"line":20,"column":12},"end":{"line":20,"column":62}},"7":{"start":{"line":22,"column":8},"end":{"line":39,"column":5}},"8":{"start":{"line":23,"column":25},"end":{"line":23,"column":103}},"9":{"start":{"line":24,"column":10},"end":{"line":24,"column":66}},"10":{"start":{"line":25,"column":10},"end":{"line":25,"column":67}},"11":{"start":{"line":26,"column":10},"end":{"line":26,"column":73}},"12":{"start":{"line":29,"column":28},"end":{"line":29,"column":52}},"13":{"start":{"line":31,"column":25},"end":{"line":31,"column":78}},"14":{"start":{"line":32,"column":8},"end":{"line":35,"column":9}},"15":{"start":{"line":33,"column":10},"end":{"line":33,"column":66}},"16":{"start":{"line":34,"column":10},"end":{"line":34,"column":17}},"17":{"start":{"line":36,"column":27},"end":{"line":36,"column":72}},"18":{"start":{"line":37,"column":9},"end":{"line":37,"column":53}},"19":{"start":{"line":38,"column":9},"end":{"line":38,"column":51}},"20":{"start":{"line":40,"column":8},"end":{"line":40,"column":39}},"21":{"start":{"line":41,"column":8},"end":{"line":48,"column":10}},"22":{"start":{"line":43,"column":12},"end":{"line":45,"column":14}},"23":{"start":{"line":44,"column":16},"end":{"line":44,"column":62}},"24":{"start":{"line":46,"column":12},"end":{"line":46,"column":62}},"25":{"start":{"line":47,"column":12},"end":{"line":47,"column":88}},"26":{"start":{"line":52,"column":27},"end":{"line":61,"column":1}},"27":{"start":{"line":53,"column":8},"end":{"line":60,"column":9}},"28":{"start":{"line":54,"column":13},"end":{"line":54,"column":51}},"29":{"start":{"line":55,"column":13},"end":{"line":55,"column":39}},"30":{"start":{"line":56,"column":14},"end":{"line":56,"column":33}},"31":{"start":{"line":59,"column":12},"end":{"line":59,"column":31}},"32":{"start":{"line":63,"column":28},"end":{"line":68,"column":5}},"33":{"start":{"line":64,"column":8},"end":{"line":64,"column":39}},"34":{"start":{"line":65,"column":8},"end":{"line":65,"column":39}},"35":{"start":{"line":66,"column":8},"end":{"line":66,"column":28}},"36":{"start":{"line":67,"column":8},"end":{"line":67,"column":28}},"37":{"start":{"line":70,"column":34},"end":{"line":87,"column":5}},"38":{"start":{"line":71,"column":8},"end":{"line":71,"column":37}},"39":{"start":{"line":72,"column":8},"end":{"line":76,"column":11}},"40":{"start":{"line":73,"column":12},"end":{"line":75,"column":13}},"41":{"start":{"line":77,"column":8},"end":{"line":81,"column":11}},"42":{"start":{"line":78,"column":13},"end":{"line":80,"column":14}},"43":{"start":{"line":82,"column":8},"end":{"line":86,"column":11}},"44":{"start":{"line":83,"column":13},"end":{"line":85,"column":14}},"45":{"start":{"line":89,"column":4},"end":{"line":98,"column":32}},"46":{"start":{"line":90,"column":8},"end":{"line":97,"column":46}},"47":{"start":{"line":91,"column":12},"end":{"line":91,"column":29}},"48":{"start":{"line":94,"column":27},"end":{"line":96,"column":20}},"49":{"start":{"line":95,"column":16},"end":{"line":95,"column":34}},"50":{"start":{"line":97,"column":12},"end":{"line":97,"column":45}},"51":{"start":{"line":97,"column":25},"end":{"line":97,"column":44}},"52":{"start":{"line":100,"column":4},"end":{"line":167,"column":6}},"53":{"start":{"line":131,"column":16},"end":{"line":149,"column":17}},"54":{"start":{"line":145,"column":27},"end":{"line":145,"column":64}},"55":{"start":{"line":151,"column":30},"end":{"line":151,"column":68}},"56":{"start":{"line":160,"column":16},"end":{"line":160,"column":34}},"57":{"start":{"line":170,"column":15},"end":{"line":254,"column":4}}},"fnMap":{"0":{"name":"HomePage","decl":{"start":{"line":9,"column":9},"end":{"line":9,"column":17}},"loc":{"start":{"line":9,"column":20},"end":{"line":168,"column":1}},"line":9},"1":{"name":"(anonymous_1)","decl":{"start":{"line":13,"column":29},"end":{"line":13,"column":30}},"loc":{"start":{"line":13,"column":39},"end":{"line":50,"column":5}},"line":13},"2":{"name":"(anonymous_2)","decl":{"start":{"line":16,"column":24},"end":{"line":16,"column":25}},"loc":{"start":{"line":16,"column":39},"end":{"line":18,"column":9}},"line":16},"3":{"name":"(anonymous_3)","decl":{"start":{"line":19,"column":24},"end":{"line":19,"column":25}},"loc":{"start":{"line":19,"column":39},"end":{"line":21,"column":9}},"line":19},"4":{"name":"(anonymous_4)","decl":{"start":{"line":42,"column":15},"end":{"line":42,"column":16}},"loc":{"start":{"line":42,"column":31},"end":{"line":48,"column":9}},"line":42},"5":{"name":"(anonymous_5)","decl":{"start":{"line":43,"column":39},"end":{"line":43,"column":40}},"loc":{"start":{"line":43,"column":54},"end":{"line":45,"column":13}},"line":43},"6":{"name":"(anonymous_6)","decl":{"start":{"line":52,"column":27},"end":{"line":52,"column":28}},"loc":{"start":{"line":52,"column":36},"end":{"line":61,"column":1}},"line":52},"7":{"name":"(anonymous_7)","decl":{"start":{"line":63,"column":28},"end":{"line":63,"column":29}},"loc":{"start":{"line":63,"column":32},"end":{"line":68,"column":5}},"line":63},"8":{"name":"(anonymous_8)","decl":{"start":{"line":70,"column":34},"end":{"line":70,"column":35}},"loc":{"start":{"line":70,"column":47},"end":{"line":87,"column":5}},"line":70},"9":{"name":"(anonymous_9)","decl":{"start":{"line":72,"column":67},"end":{"line":72,"column":68}},"loc":{"start":{"line":72,"column":92},"end":{"line":76,"column":9}},"line":72},"10":{"name":"(anonymous_10)","decl":{"start":{"line":77,"column":45},"end":{"line":77,"column":46}},"loc":{"start":{"line":77,"column":70},"end":{"line":81,"column":9}},"line":77},"11":{"name":"(anonymous_11)","decl":{"start":{"line":82,"column":45},"end":{"line":82,"column":46}},"loc":{"start":{"line":82,"column":70},"end":{"line":86,"column":9}},"line":82},"12":{"name":"(anonymous_12)","decl":{"start":{"line":89,"column":14},"end":{"line":89,"column":15}},"loc":{"start":{"line":89,"column":18},"end":{"line":98,"column":5}},"line":89},"13":{"name":"(anonymous_13)","decl":{"start":{"line":94,"column":39},"end":{"line":94,"column":40}},"loc":{"start":{"line":94,"column":45},"end":{"line":96,"column":13}},"line":94},"14":{"name":"(anonymous_14)","decl":{"start":{"line":97,"column":19},"end":{"line":97,"column":20}},"loc":{"start":{"line":97,"column":25},"end":{"line":97,"column":44}},"line":97},"15":{"name":"(anonymous_15)","decl":{"start":{"line":130,"column":24},"end":{"line":130,"column":25}},"loc":{"start":{"line":130,"column":36},"end":{"line":150,"column":13}},"line":130},"16":{"name":"(anonymous_16)","decl":{"start":{"line":144,"column":33},"end":{"line":144,"column":34}},"loc":{"start":{"line":144,"column":37},"end":{"line":146,"column":25}},"line":144},"17":{"name":"(anonymous_17)","decl":{"start":{"line":151,"column":26},"end":{"line":151,"column":27}},"loc":{"start":{"line":151,"column":30},"end":{"line":151,"column":68}},"line":151},"18":{"name":"(anonymous_18)","decl":{"start":{"line":159,"column":22},"end":{"line":159,"column":23}},"loc":{"start":{"line":159,"column":26},"end":{"line":161,"column":13}},"line":159}},"branchMap":{"0":{"loc":{"start":{"line":22,"column":8},"end":{"line":39,"column":5}},"type":"if","locations":[{"start":{"line":22,"column":8},"end":{"line":39,"column":5}},{"start":{"line":28,"column":12},"end":{"line":39,"column":5}}],"line":22},"1":{"loc":{"start":{"line":32,"column":8},"end":{"line":35,"column":9}},"type":"if","locations":[{"start":{"line":32,"column":8},"end":{"line":35,"column":9}},{"start":{},"end":{}}],"line":32},"2":{"loc":{"start":{"line":53,"column":8},"end":{"line":60,"column":9}},"type":"if","locations":[{"start":{"line":53,"column":8},"end":{"line":60,"column":9}},{"start":{"line":58,"column":12},"end":{"line":60,"column":9}}],"line":53},"3":{"loc":{"start":{"line":90,"column":8},"end":{"line":97,"column":46}},"type":"if","locations":[{"start":{"line":90,"column":8},"end":{"line":97,"column":46}},{"start":{"line":94,"column":12},"end":{"line":97,"column":46}}],"line":90},"4":{"loc":{"start":{"line":115,"column":93},"end":{"line":115,"column":196}},"type":"cond-expr","locations":[{"start":{"line":115,"column":128},"end":{"line":115,"column":165}},{"start":{"line":115,"column":168},"end":{"line":115,"column":196}}],"line":115}},"s":{"0":3,"1":3,"2":3,"3":2,"4":0,"5":2,"6":0,"7":2,"8":1,"9":1,"10":1,"11":1,"12":1,"13":0,"14":0,"15":0,"16":0,"17":0,"18":0,"19":0,"20":1,"21":1,"22":1,"23":0,"24":1,"25":1,"26":3,"27":2,"28":1,"29":1,"30":1,"31":1,"32":3,"33":1,"34":1,"35":1,"36":1,"37":3,"38":1,"39":1,"40":29,"41":1,"42":0,"43":1,"44":1,"45":3,"46":3,"47":1,"48":2,"49":1,"50":2,"51":2,"52":3,"53":10,"54":1,"55":12,"56":1,"57":1},"f":{"0":3,"1":2,"2":0,"3":0,"4":1,"5":0,"6":2,"7":1,"8":1,"9":29,"10":0,"11":1,"12":3,"13":1,"14":2,"15":10,"16":1,"17":12,"18":1},"b":{"0":[1,1],"1":[0,0],"2":[1,1],"3":[1,2],"4":[1,2]},"_coverageSchema":"1a1c01bbd47fc00a2c39e90264f33305004495a9","hash":"0c656fab83ff1f91c540aa6efd2afcf60c0ed322"}
,"D:\\React-native\\location_manager\\Context\\ContextProvider.tsx": {"path":"D:\\React-native\\location_manager\\Context\\ContextProvider.tsx","statementMap":{"0":{"start":{"line":9,"column":23},"end":{"line":20,"column":2}},"1":{"start":{"line":23,"column":34},"end":{"line":23,"column":46}},"2":{"start":{"line":24,"column":48},"end":{"line":24,"column":65}},"3":{"start":{"line":25,"column":26},"end":{"line":25,"column":43}},"4":{"start":{"line":26,"column":26},"end":{"line":26,"column":43}},"5":{"start":{"line":27,"column":47},"end":{"line":27,"column":64}},"6":{"start":{"line":29,"column":23},"end":{"line":40,"column":3}},"7":{"start":{"line":42,"column":2},"end":{"line":46,"column":4}}},"fnMap":{"0":{"name":"(anonymous_0)","decl":{"start":{"line":15,"column":21},"end":{"line":15,"column":22}},"loc":{"start":{"line":15,"column":30},"end":{"line":15,"column":32}},"line":15},"1":{"name":"(anonymous_1)","decl":{"start":{"line":16,"column":10},"end":{"line":16,"column":11}},"loc":{"start":{"line":16,"column":19},"end":{"line":16,"column":21}},"line":16},"2":{"name":"(anonymous_2)","decl":{"start":{"line":17,"column":10},"end":{"line":17,"column":11}},"loc":{"start":{"line":17,"column":19},"end":{"line":17,"column":21}},"line":17},"3":{"name":"(anonymous_3)","decl":{"start":{"line":18,"column":14},"end":{"line":18,"column":15}},"loc":{"start":{"line":18,"column":23},"end":{"line":18,"column":25}},"line":18},"4":{"name":"(anonymous_4)","decl":{"start":{"line":19,"column":21},"end":{"line":19,"column":22}},"loc":{"start":{"line":19,"column":30},"end":{"line":19,"column":32}},"line":19},"5":{"name":"ContextProvider","decl":{"start":{"line":22,"column":9},"end":{"line":22,"column":24}},"loc":{"start":{"line":22,"column":44},"end":{"line":47,"column":1}},"line":22}},"branchMap":{},"s":{"0":3,"1":1,"2":1,"3":1,"4":1,"5":1,"6":1,"7":1},"f":{"0":0,"1":1,"2":1,"3":0,"4":0,"5":1},"b":{},"_coverageSchema":"1a1c01bbd47fc00a2c39e90264f33305004495a9","hash":"27c570e2fe3a3e5c2956a239f1c3a7203f617e8d"}
,"D:\\React-native\\location_manager\\action\\locationDetails.ts": {"path":"D:\\React-native\\location_manager\\action\\locationDetails.ts","statementMap":{"0":{"start":{"line":3,"column":19},"end":{"line":3,"column":53}},"1":{"start":{"line":4,"column":20},"end":{"line":6,"column":2}},"2":{"start":{"line":8,"column":34},"end":{"line":13,"column":1}},"3":{"start":{"line":10,"column":3},"end":{"line":12,"column":5}}},"fnMap":{"0":{"name":"(anonymous_0)","decl":{"start":{"line":8,"column":34},"end":{"line":8,"column":35}},"loc":{"start":{"line":8,"column":70},"end":{"line":13,"column":1}},"line":8}},"branchMap":{},"s":{"0":1,"1":1,"2":1,"3":2},"f":{"0":2},"b":{},"_coverageSchema":"1a1c01bbd47fc00a2c39e90264f33305004495a9","hash":"6015ea2afb78710cb7aa757f47de97918bddbdfb"}
,"D:\\React-native\\location_manager\\action\\postLocation.ts": {"path":"D:\\React-native\\location_manager\\action\\postLocation.ts","statementMap":{"0":{"start":{"line":5,"column":15},"end":{"line":7,"column":2}},"1":{"start":{"line":9,"column":28},"end":{"line":13,"column":1}},"2":{"start":{"line":10,"column":4},"end":{"line":12,"column":5}}},"fnMap":{"0":{"name":"(anonymous_0)","decl":{"start":{"line":9,"column":28},"end":{"line":9,"column":29}},"loc":{"start":{"line":9,"column":64},"end":{"line":13,"column":1}},"line":9}},"branchMap":{},"s":{"0":1,"1":1,"2":2},"f":{"0":2},"b":{},"_coverageSchema":"1a1c01bbd47fc00a2c39e90264f33305004495a9","hash":"a46c0335d54d2f3e40df936fd74cfc43f8601f32"}
}
