TN:
SF:Components\Map.tsx
FN:6,Map
FN:9,(anonymous_1)
FN:16,(anonymous_2)
FN:18,(anonymous_3)
FN:23,(anonymous_4)
FN:28,(anonymous_5)
FN:45,(anonymous_6)
FN:59,(anonymous_7)
FN:66,(anonymous_8)
FN:73,(anonymous_9)
FNF:10
FNH:10
FNDA:2,Map
FNDA:1,(anonymous_1)
FNDA:1,(anonymous_2)
FNDA:1,(anonymous_3)
FNDA:1,(anonymous_4)
FNDA:1,(anonymous_5)
FNDA:1,(anonymous_6)
FNDA:1,(anonymous_7)
FNDA:1,(anonymous_8)
FNDA:1,(anonymous_9)
DA:7,2
DA:9,2
DA:10,1
DA:11,1
DA:12,1
DA:13,1
DA:16,2
DA:17,1
DA:18,1
DA:19,1
DA:23,1
DA:24,1
DA:28,1
DA:29,1
DA:35,2
DA:46,1
DA:60,1
DA:66,1
DA:74,1
DA:83,1
LF:20
LH:20
BRF:0
BRH:0
end_of_record
TN:
SF:Components\Screens\HomePage.tsx
FN:9,HomePage
FN:13,(anonymous_1)
FN:16,(anonymous_2)
FN:19,(anonymous_3)
FN:42,(anonymous_4)
FN:43,(anonymous_5)
FN:52,(anonymous_6)
FN:63,(anonymous_7)
FN:70,(anonymous_8)
FN:72,(anonymous_9)
FN:77,(anonymous_10)
FN:82,(anonymous_11)
FN:89,(anonymous_12)
FN:94,(anonymous_13)
FN:97,(anonymous_14)
FN:130,(anonymous_15)
FN:144,(anonymous_16)
FN:151,(anonymous_17)
FN:159,(anonymous_18)
FNF:19
FNH:15
FNDA:3,HomePage
FNDA:2,(anonymous_1)
FNDA:0,(anonymous_2)
FNDA:0,(anonymous_3)
FNDA:1,(anonymous_4)
FNDA:0,(anonymous_5)
FNDA:2,(anonymous_6)
FNDA:1,(anonymous_7)
FNDA:1,(anonymous_8)
FNDA:29,(anonymous_9)
FNDA:0,(anonymous_10)
FNDA:1,(anonymous_11)
FNDA:3,(anonymous_12)
FNDA:1,(anonymous_13)
FNDA:2,(anonymous_14)
FNDA:10,(anonymous_15)
FNDA:1,(anonymous_16)
FNDA:12,(anonymous_17)
FNDA:1,(anonymous_18)
DA:10,3
DA:11,3
DA:13,3
DA:16,2
DA:17,0
DA:19,2
DA:20,0
DA:22,2
DA:23,1
DA:24,1
DA:25,1
DA:26,1
DA:29,1
DA:31,0
DA:32,0
DA:33,0
DA:34,0
DA:36,0
DA:37,0
DA:38,0
DA:40,1
DA:41,1
DA:43,1
DA:44,0
DA:46,1
DA:47,1
DA:52,3
DA:53,2
DA:54,1
DA:55,1
DA:56,1
DA:59,1
DA:63,3
DA:64,1
DA:65,1
DA:66,1
DA:67,1
DA:70,3
DA:71,1
DA:72,1
DA:73,29
DA:77,1
DA:78,0
DA:82,1
DA:83,1
DA:89,3
DA:90,3
DA:91,1
DA:94,2
DA:95,1
DA:97,2
DA:100,3
DA:131,10
DA:145,1
DA:151,12
DA:160,1
DA:170,1
LF:57
LH:46
BRDA:22,0,0,1
BRDA:22,0,1,1
BRDA:32,1,0,0
BRDA:32,1,1,0
BRDA:53,2,0,1
BRDA:53,2,1,1
BRDA:90,3,0,1
BRDA:90,3,1,2
BRDA:115,4,0,1
BRDA:115,4,1,2
BRF:10
BRH:8
end_of_record
TN:
SF:Context\ContextProvider.tsx
FN:15,(anonymous_0)
FN:16,(anonymous_1)
FN:17,(anonymous_2)
FN:18,(anonymous_3)
FN:19,(anonymous_4)
FN:22,ContextProvider
FNF:6
FNH:3
FNDA:0,(anonymous_0)
FNDA:1,(anonymous_1)
FNDA:1,(anonymous_2)
FNDA:0,(anonymous_3)
FNDA:0,(anonymous_4)
FNDA:1,ContextProvider
DA:9,3
DA:23,1
DA:24,1
DA:25,1
DA:26,1
DA:27,1
DA:29,1
DA:42,1
LF:8
LH:8
BRF:0
BRH:0
end_of_record
TN:
SF:action\locationDetails.ts
FN:8,(anonymous_0)
FNF:1
FNH:1
FNDA:2,(anonymous_0)
DA:3,1
DA:4,1
DA:8,1
DA:10,2
LF:4
LH:4
BRF:0
BRH:0
end_of_record
TN:
SF:action\postLocation.ts
FN:9,(anonymous_0)
FNF:1
FNH:1
FNDA:2,(anonymous_0)
DA:5,1
DA:9,1
DA:10,2
LF:3
LH:3
BRF:0
BRH:0
end_of_record
